<?xml version="1.0" encoding="UTF-8"?>
<!-- Generated by org.testng.reporters.JUnitReportReporter -->
<testsuite hostname="LAPTOP-TSK6EB5J" failures="0" tests="2" name="Day35.pack1.Class2" time="0.008" errors="0" timestamp="2024-01-17T12:35:58 IST" skipped="0">
  <testcase classname="Day35.pack1.Class2" name="xyz" time="0.006"/>
  <system-out/>
  <testcase classname="Day35.pack1.Class2" name="xyz" time="0.002"/>
  <system-out/>
</testsuite> <!-- Day35.pack1.Class2 -->
