<?xml version="1.0" encoding="UTF-8"?>
<!-- Generated by org.testng.reporters.JUnitReportReporter -->
<testsuite hostname="LAPTOP-TSK6EB5J" failures="0" tests="2" name="Day35.AnnoationsDemo1" time="0.020" errors="0" timestamp="2024-01-17T11:14:42 IST" skipped="0">
  <testcase classname="Day35.AnnoationsDemo1" name="search" time="0.010"/>
  <system-out/>
  <testcase classname="Day35.AnnoationsDemo1" name="advance" time="0.010"/>
  <system-out/>
</testsuite> <!-- Day35.AnnoationsDemo1 -->
