<?xml version="1.0" encoding="UTF-8"?>
<!-- Generated by org.testng.reporters.JUnitReportReporter -->
<testsuite hostname="LAPTOP-TSK6EB5J" failures="0" tests="1" name="Day35.HardVsSoftAssertions" time="0.030" errors="0" timestamp="2024-01-17T16:43:53 IST" skipped="0">
  <testcase classname="Day35.HardVsSoftAssertions" name="test_softassertions" time="0.030"/>
  <system-out/>
</testsuite> <!-- Day35.HardVsSoftAssertions -->
