<?xml version="1.0" encoding="UTF-8"?>
<!-- Generated by org.testng.reporters.JUnitReportReporter -->
<testsuite hostname="LAPTOP-TSK6EB5J" failures="0" tests="3" name="Day34.ThirdTestCase" time="0.012" errors="0" timestamp="2024-01-15T23:14:31 IST" skipped="0">
  <testcase classname="Day34.ThirdTestCase" name="test1" time="0.003"/>
  <system-out/>
  <testcase classname="Day34.ThirdTestCase" name="test2" time="0.005"/>
  <system-out/>
  <testcase classname="Day34.ThirdTestCase" name="test3" time="0.004"/>
  <system-out/>
</testsuite> <!-- Day34.ThirdTestCase -->
