<?xml version="1.0" encoding="UTF-8"?>
<!-- Generated by org.testng.reporters.JUnitReportReporter -->
<testsuite hostname="LAPTOP-TSK6EB5J" failures="0" tests="3" name="Day36.Grouping" time="0.035" errors="0" timestamp="2024-01-18T11:22:23 IST" skipped="0">
  <testcase classname="Day36.Grouping" name="signupbyfacebook" time="0.021"/>
  <system-out/>
  <testcase classname="Day36.Grouping" name="signupbytwitter" time="0.009"/>
  <system-out/>
  <testcase classname="Day36.Grouping" name="PaymentreturnBank" time="0.005"/>
  <system-out/>
</testsuite> <!-- Day36.Grouping -->
