<?xml version="1.0" encoding="UTF-8"?>
<!-- Generated by org.testng.reporters.JUnitReportReporter -->
<testsuite hostname="LAPTOP-TSK6EB5J" failures="0" tests="2" name="Day37.PararellTest" time="0.572" errors="0" timestamp="2024-01-19T11:48:46 IST" skipped="0">
  <testcase classname="Day37.PararellTest" name="testlogo" time="0.556"/>
  <system-out/>
  <testcase classname="Day37.PararellTest" name="testhomepagetittle" time="0.016"/>
  <system-out/>
</testsuite> <!-- Day37.PararellTest -->
