<?xml version="1.0" encoding="UTF-8"?>
<!-- Generated by org.testng.reporters.JUnitReportReporter -->
<testsuite hostname="LAPTOP-TSK6EB5J" failures="0" tests="3" name="Day34.FirstTest" time="0.028" errors="0" timestamp="2024-01-15T20:22:00 IST" skipped="0">
  <testcase classname="Day34.FirstTest" name="test1" time="0.019"/>
  <system-out/>
  <testcase classname="Day34.FirstTest" name="test2" time="0.006"/>
  <system-out/>
  <testcase classname="Day34.FirstTest" name="test3" time="0.003"/>
  <system-out/>
</testsuite> <!-- Day34.FirstTest -->
