<?xml version="1.0" encoding="UTF-8"?>
<!-- Generated by org.testng.reporters.JUnitReportReporter -->
<testsuite hostname="LAPTOP-TSK6EB5J" failures="0" tests="2" name="Day35.pack1.Class1" time="0.018" errors="0" timestamp="2024-01-17T12:35:59 IST" skipped="0">
  <testcase classname="Day35.pack1.Class1" name="abc" time="0.016"/>
  <system-out/>
  <testcase classname="Day35.pack1.Class1" name="abc" time="0.002"/>
  <system-out/>
</testsuite> <!-- Day35.pack1.Class1 -->
