<?xml version="1.0" encoding="UTF-8"?>
<!-- Generated by org.testng.reporters.JUnitReportReporter -->
<testsuite hostname="LAPTOP-TSK6EB5J" failures="0" tests="3" name="Day34.SecondTest" time="10.328" errors="0" timestamp="2024-01-15T23:14:31 IST" skipped="0">
  <testcase classname="Day34.SecondTest" name="OpenApp" time="8.743"/>
  <system-out/>
  <testcase classname="Day34.SecondTest" name="login" time="1.193"/>
  <system-out/>
  <testcase classname="Day34.SecondTest" name="logout" time="0.392"/>
  <system-out/>
</testsuite> <!-- Day34.SecondTest -->
