<?xml version="1.0" encoding="UTF-8"?>
<!-- Generated by org.testng.reporters.JUnitReportReporter -->
<testsuite hostname="LAPTOP-TSK6EB5J" failures="0" tests="10" name="Day37.InvocationCount" time="0.065" errors="0" timestamp="2024-01-19T11:04:01 IST" skipped="0">
  <testcase classname="Day37.InvocationCount" name="test" time="0.010"/>
  <system-out/>
  <testcase classname="Day37.InvocationCount" name="test" time="0.007"/>
  <system-out/>
  <testcase classname="Day37.InvocationCount" name="test" time="0.010"/>
  <system-out/>
  <testcase classname="Day37.InvocationCount" name="test" time="0.002"/>
  <system-out/>
  <testcase classname="Day37.InvocationCount" name="test" time="0.007"/>
  <system-out/>
  <testcase classname="Day37.InvocationCount" name="test" time="0.003"/>
  <system-out/>
  <testcase classname="Day37.InvocationCount" name="test" time="0.001"/>
  <system-out/>
  <testcase classname="Day37.InvocationCount" name="test" time="0.003"/>
  <system-out/>
  <testcase classname="Day37.InvocationCount" name="test" time="0.019"/>
  <system-out/>
  <testcase classname="Day37.InvocationCount" name="test" time="0.003"/>
  <system-out/>
</testsuite> <!-- Day37.InvocationCount -->
