<?xml version="1.0" encoding="UTF-8"?>
<!-- Generated by org.testng.reporters.JUnitReportReporter -->
<testsuite hostname="LAPTOP-TSK6EB5J" failures="0" tests="3" name="Day35.AnnoationsDemo2" time="0.012" errors="0" timestamp="2024-01-17T11:10:19 IST" skipped="0">
  <testcase classname="Day35.AnnoationsDemo2" name="logout" time="0.009"/>
  <system-out/>
  <testcase classname="Day35.AnnoationsDemo2" name="search" time="0.002"/>
  <system-out/>
  <testcase classname="Day35.AnnoationsDemo2" name="advance" time="0.001"/>
  <system-out/>
</testsuite> <!-- Day35.AnnoationsDemo2 -->
