<?xml version="1.0" encoding="UTF-8"?>
<!-- Generated by org.testng.reporters.JUnitReportReporter -->
<testsuite hostname="LAPTOP-TSK6EB5J" failures="0" tests="1" name="Day35.HardAssertions" time="0.022" errors="0" timestamp="2024-01-17T16:11:29 IST" skipped="0">
  <testcase classname="Day35.HardAssertions" name="test" time="0.022"/>
  <system-out/>
</testsuite> <!-- Day35.HardAssertions -->
