<?xml version="1.0" encoding="UTF-8"?>
<!-- Generated by org.testng.reporters.JUnitReportReporter -->
<testsuite hostname="LAPTOP-TSK6EB5J" failures="0" tests="6" name="com.tutorialsninja.qa.testcases.Login" time="0.001" errors="1" timestamp="2024-02-25T22:56:05 IST" skipped="5">
  <testcase classname="com.tutorialsninja.qa.testcases.Login" name="setup" time="0.001">
    <error message="Unresolved compilation problem: 
	This method must return a result of type WebDriver
" type="java.lang.Error">
      <![CDATA[java.lang.Error: Unresolved compilation problem: 
This method must return a result of type WebDriver

at com.tutorialsninja.qa.base.Base.initialisedbrowserandopenapplication(Base.java:14)
at com.tutorialsninja.qa.testcases.Login.setup(Login.java:26)
at java.base/jdk.internal.reflect.NativeMethodAccessorImpl.invoke0(Native Method)
at java.base/jdk.internal.reflect.NativeMethodAccessorImpl.invoke(NativeMethodAccessorImpl.java:77)
at java.base/jdk.internal.reflect.DelegatingMethodAccessorImpl.invoke(DelegatingMethodAccessorImpl.java:43)
at java.base/java.lang.reflect.Method.invoke(Method.java:568)
at org.testng.internal.invokers.MethodInvocationHelper.invokeMethod(MethodInvocationHelper.java:139)
at org.testng.internal.invokers.MethodInvocationHelper.invokeMethodConsideringTimeout(MethodInvocationHelper.java:69)
at org.testng.internal.invokers.ConfigInvoker.invokeConfigurationMethod(ConfigInvoker.java:393)
at org.testng.internal.invokers.ConfigInvoker.invokeConfigurations(ConfigInvoker.java:326)
at org.testng.internal.invokers.TestInvoker.runConfigMethods(TestInvoker.java:810)
at org.testng.internal.invokers.TestInvoker.invokeMethod(TestInvoker.java:578)
at org.testng.internal.invokers.TestInvoker.invokeTestMethod(TestInvoker.java:228)
at org.testng.internal.invokers.MethodRunner.runInSequence(MethodRunner.java:63)
at org.testng.internal.invokers.TestInvoker$MethodInvocationAgent.invoke(TestInvoker.java:961)
at org.testng.internal.invokers.TestInvoker.invokeTestMethods(TestInvoker.java:201)
at org.testng.internal.invokers.TestMethodWorker.invokeTestMethods(TestMethodWorker.java:148)
at org.testng.internal.invokers.TestMethodWorker.run(TestMethodWorker.java:128)
at java.base/java.util.ArrayList.forEach(ArrayList.java:1511)
at org.testng.TestRunner.privateRun(TestRunner.java:819)
at org.testng.TestRunner.run(TestRunner.java:619)
at org.testng.SuiteRunner.runTest(SuiteRunner.java:443)
at org.testng.SuiteRunner.runSequentially(SuiteRunner.java:437)
at org.testng.SuiteRunner.privateRun(SuiteRunner.java:397)
at org.testng.SuiteRunner.run(SuiteRunner.java:336)
at org.testng.SuiteRunnerWorker.runSuite(SuiteRunnerWorker.java:52)
at org.testng.SuiteRunnerWorker.run(SuiteRunnerWorker.java:95)
at org.testng.TestNG.runSuitesSequentially(TestNG.java:1301)
at org.testng.TestNG.runSuitesLocally(TestNG.java:1228)
at org.testng.TestNG.runSuites(TestNG.java:1134)
at org.testng.TestNG.run(TestNG.java:1101)
at org.testng.remote.AbstractRemoteTestNG.run(AbstractRemoteTestNG.java:115)
at org.testng.remote.RemoteTestNG.initAndRun(RemoteTestNG.java:251)
at org.testng.remote.RemoteTestNG.main(RemoteTestNG.java:77)
]]>
    </error>
  </testcase> <!-- setup -->
  <testcase classname="com.tutorialsninja.qa.testcases.Login" name="loginwithvalidcrendential" time="0.000">
    <skipped/>
  </testcase> <!-- loginwithvalidcrendential -->
  <testcase classname="com.tutorialsninja.qa.testcases.Login" name="verifywithinvalidcredentials" time="0.000">
    <skipped/>
  </testcase> <!-- verifywithinvalidcredentials -->
  <testcase classname="com.tutorialsninja.qa.testcases.Login" name="verifylogwithinvalidemailvaildpassword" time="0.000">
    <skipped/>
  </testcase> <!-- verifylogwithinvalidemailvaildpassword -->
  <testcase classname="com.tutorialsninja.qa.testcases.Login" name="verifylogwithvalidemailInvaildpassword" time="0.000">
    <skipped/>
  </testcase> <!-- verifylogwithvalidemailInvaildpassword -->
  <testcase classname="com.tutorialsninja.qa.testcases.Login" name="verifylogwithoutprovidingcredentials" time="0.000">
    <skipped/>
  </testcase> <!-- verifylogwithoutprovidingcredentials -->
</testsuite> <!-- com.tutorialsninja.qa.testcases.Login -->
