<?xml version="1.0" encoding="UTF-8"?>
<!-- Generated by org.testng.reporters.JUnitReportReporter -->
<testsuite hostname="LAPTOP-TSK6EB5J" failures="0" tests="3" name="Da1.FirsTest" time="0.033" errors="0" timestamp="2024-03-14T12:50:04 IST" skipped="0">
  <testcase classname="Da1.FirsTest" name="oprn" time="0.019"/>
  <system-out/>
  <testcase classname="Da1.FirsTest" name="login" time="0.006"/>
  <system-out/>
  <testcase classname="Da1.FirsTest" name="logou" time="0.008"/>
  <system-out/>
</testsuite> <!-- Da1.FirsTest -->
