<?xml version="1.0" encoding="UTF-8"?>
<!-- Generated by org.testng.reporters.JUnitReportReporter -->
<testsuite hostname="LAPTOP-TSK6EB5J" failures="0" tests="2" name="Da1.Annotation" time="0.021" errors="0" timestamp="2024-03-15T12:23:38 IST" skipped="0">
  <testcase classname="Da1.Annotation" name="test2" time="0.005"/>
  <system-out/>
  <testcase classname="Da1.Annotation" name="test1" time="0.016"/>
  <system-out/>
</testsuite> <!-- Da1.Annotation -->
